Load model ...
Load test data summary ...
Test set 4487
Evaluation:

8/8 [==============================] - 36s 5s/step
This batch loss 1.2702291011810303, acc 0.5, overall 0.5
Evaluation:

8/8 [==============================] - 36s 4s/step
This batch loss 0.7322938442230225, acc 0.75, overall 0.625
Evaluation:

8/8 [==============================] - 36s 4s/step
This batch loss 0.5954055786132812, acc 0.625, overall 0.625
Evaluation:

8/8 [==============================] - 36s 4s/step
This batch loss 0.10003749281167984, acc 1.0, overall 0.71875
Evaluation:

8/8 [==============================] - 36s 4s/step
This batch loss 0.8333096504211426, acc 0.625, overall 0.7
Evaluation:

8/8 [==============================] - 36s 4s/step
This batch loss 1.4949772357940674, acc 0.375, overall 0.6458333333333334
Evaluation:

8/8 [==============================] - 36s 4s/step
This batch loss 1.3644416332244873, acc 0.375, overall 0.6071428571428571
Evaluation:

8/8 [==============================] - 36s 4s/step
This batch loss 0.9512028694152832, acc 0.625, overall 0.609375
Evaluation:

8/8 [==============================] - 36s 4s/step
This batch loss 0.5007516741752625, acc 0.875, overall 0.6388888888888888
Evaluation:

8/8 [==============================] - 36s 4s/step
This batch loss 1.1975822448730469, acc 0.625, overall 0.6375
Evaluation:

8/8 [==============================] - 36s 4s/step
This batch loss 0.44243124127388, acc 0.75, overall 0.6477272727272727
Evaluation:

8/8 [==============================] - 36s 4s/step
This batch loss 0.5091305375099182, acc 0.875, overall 0.6666666666666666
Evaluation:

8/8 [==============================] - 36s 4s/step
This batch loss 0.599263072013855, acc 0.875, overall 0.6826923076923077
Evaluation:

8/8 [==============================] - 36s 4s/step
This batch loss 1.7242021560668945, acc 0.5, overall 0.6696428571428571
Evaluation:

8/8 [==============================] - 36s 4s/step
This batch loss 1.6464834213256836, acc 0.625, overall 0.6666666666666666
Evaluation:

8/8 [==============================] - 36s 4s/step
This batch loss 1.2086728811264038, acc 0.625, overall 0.6640625
Evaluation:

8/8 [==============================] - 36s 4s/step
This batch loss 1.8904404640197754, acc 0.625, overall 0.6617647058823529
Evaluation:

8/8 [==============================] - 36s 4s/step
This batch loss 0.5922021269798279, acc 0.625, overall 0.6597222222222222
Evaluation:

8/8 [==============================] - 36s 4s/step
This batch loss 1.1272271871566772, acc 0.625, overall 0.6578947368421053
Evaluation:

8/8 [==============================] - 36s 4s/step
This batch loss 0.815212607383728, acc 0.625, overall 0.65625
Evaluation:

8/8 [==============================] - 36s 4s/step
This batch loss 0.4992755353450775, acc 0.75, overall 0.6607142857142857
Evaluation:

8/8 [==============================] - 36s 4s/step
This batch loss 1.2109649181365967, acc 0.375, overall 0.6477272727272727
Evaluation:

8/8 [==============================] - 36s 4s/step
This batch loss 1.0120097398757935, acc 0.5, overall 0.6413043478260869
Evaluation:

8/8 [==============================] - 36s 4s/step
This batch loss 0.645547091960907, acc 0.625, overall 0.640625
Evaluation:

8/8 [==============================] - 36s 4s/step
This batch loss 0.468386173248291, acc 0.875, overall 0.65
Evaluation:

8/8 [==============================] - 36s 4s/step
This batch loss 0.6869263648986816, acc 0.875, overall 0.6586538461538461
Evaluation:

8/8 [==============================] - 36s 4s/step
This batch loss 0.7357568144798279, acc 0.75, overall 0.6620370370370371
Evaluation:

8/8 [==============================] - 36s 4s/step
This batch loss 0.9118483066558838, acc 0.75, overall 0.6651785714285714
Evaluation:

8/8 [==============================] - 36s 4s/step
This batch loss 0.7081364393234253, acc 0.75, overall 0.6681034482758621
Evaluation:

8/8 [==============================] - 36s 4s/step
This batch loss 1.5733380317687988, acc 0.625, overall 0.6666666666666666
Evaluation:

8/8 [==============================] - 36s 4s/step
This batch loss 1.1495063304901123, acc 0.25, overall 0.6532258064516129
Evaluation:

8/8 [==============================] - 36s 4s/step
This batch loss 1.4919610023498535, acc 0.625, overall 0.65234375
Evaluation:

8/8 [==============================] - 36s 4s/step
This batch loss 1.2616373300552368, acc 0.5, overall 0.6477272727272727
Evaluation:

8/8 [==============================] - 36s 4s/step
This batch loss 1.4968197345733643, acc 0.5, overall 0.6433823529411765
Evaluation:

8/8 [==============================] - 36s 4s/step
This batch loss 0.6287907361984253, acc 0.625, overall 0.6428571428571429
Evaluation:

8/8 [==============================] - 36s 4s/step
This batch loss 0.7414441704750061, acc 0.75, overall 0.6458333333333334
Evaluation:

8/8 [==============================] - 36s 4s/step
This batch loss 0.5799583196640015, acc 0.625, overall 0.6452702702702703
Evaluation:

8/8 [==============================] - 36s 4s/step
This batch loss 1.1073415279388428, acc 0.625, overall 0.6447368421052632
Evaluation:

8/8 [==============================] - 36s 4s/step
This batch loss 0.25683602690696716, acc 0.875, overall 0.6506410256410257
Evaluation:

8/8 [==============================] - 36s 4s/step
This batch loss 0.6286274194717407, acc 0.75, overall 0.653125
Evaluation:

8/8 [==============================] - 36s 4s/step
This batch loss 0.8462255001068115, acc 0.625, overall 0.6524390243902439
Evaluation:

8/8 [==============================] - 36s 4s/step
This batch loss 0.7661352157592773, acc 0.75, overall 0.6547619047619048
Evaluation:

8/8 [==============================] - 36s 4s/step
This batch loss 0.853569507598877, acc 0.75, overall 0.6569767441860465
Evaluation:

8/8 [==============================] - 36s 4s/step
This batch loss 0.45439714193344116, acc 0.75, overall 0.6590909090909091
Evaluation:

8/8 [==============================] - 36s 4s/step
This batch loss 1.2647678852081299, acc 0.75, overall 0.6611111111111111
Evaluation:

8/8 [==============================] - 36s 4s/step
This batch loss 0.6341694593429565, acc 0.875, overall 0.6657608695652174
Evaluation:

8/8 [==============================] - 36s 4s/step
This batch loss 1.4046202898025513, acc 0.5, overall 0.6622340425531915
Evaluation:

8/8 [==============================] - 36s 4s/step
This batch loss 0.4907749891281128, acc 0.75, overall 0.6640625
Evaluation:

8/8 [==============================] - 36s 4s/step
This batch loss 0.16738218069076538, acc 1.0, overall 0.6709183673469388
Evaluation:

8/8 [==============================] - 36s 4s/step
This batch loss 0.8842748403549194, acc 0.75, overall 0.6725
Evaluation:

8/8 [==============================] - 36s 4s/step
This batch loss 0.9131747484207153, acc 0.625, overall 0.6715686274509803
Evaluation:

8/8 [==============================] - 36s 4s/step
This batch loss 0.9083356261253357, acc 0.5, overall 0.6682692307692307
Evaluation:

8/8 [==============================] - 36s 4s/step
This batch loss 1.006001591682434, acc 0.625, overall 0.6674528301886793
Evaluation:

8/8 [==============================] - 36s 4s/step
This batch loss 0.744432270526886, acc 0.5, overall 0.6643518518518519
Evaluation:

8/8 [==============================] - 36s 4s/step
This batch loss 0.4778502583503723, acc 0.875, overall 0.6681818181818182
Evaluation:

8/8 [==============================] - 36s 4s/step
This batch loss 0.6961106657981873, acc 0.625, overall 0.6674107142857143
Evaluation:

8/8 [==============================] - 36s 4s/step
This batch loss 0.8437469601631165, acc 0.625, overall 0.6666666666666666
Evaluation:

8/8 [==============================] - 36s 4s/step
This batch loss 0.3348507881164551, acc 0.875, overall 0.6702586206896551
Evaluation:

8/8 [==============================] - 36s 4s/step
This batch loss 0.7795473337173462, acc 0.875, overall 0.673728813559322
Evaluation:

8/8 [==============================] - 36s 4s/step
This batch loss 0.8752310276031494, acc 0.625, overall 0.6729166666666667
Evaluation:

8/8 [==============================] - 36s 4s/step
This batch loss 0.762040913105011, acc 0.5, overall 0.6700819672131147
Evaluation:

8/8 [==============================] - 36s 4s/step
This batch loss 0.6568182110786438, acc 0.75, overall 0.6713709677419355
Evaluation:

8/8 [==============================] - 36s 4s/step
This batch loss 1.620020866394043, acc 0.375, overall 0.6666666666666666
Evaluation:

8/8 [==============================] - 36s 4s/step
This batch loss 0.3867930769920349, acc 0.875, overall 0.669921875
Evaluation:

8/8 [==============================] - 36s 4s/step
This batch loss 1.1715221405029297, acc 0.75, overall 0.6711538461538461
Evaluation:

8/8 [==============================] - 36s 4s/step
This batch loss 0.7800837755203247, acc 0.75, overall 0.6723484848484849
Evaluation:

8/8 [==============================] - 36s 4s/step
This batch loss 1.1802170276641846, acc 0.375, overall 0.667910447761194
Evaluation:

8/8 [==============================] - 36s 4s/step
This batch loss 1.748417615890503, acc 0.5, overall 0.6654411764705882
Evaluation:

8/8 [==============================] - 36s 4s/step
This batch loss 0.5975378751754761, acc 0.875, overall 0.6684782608695652
Evaluation:

8/8 [==============================] - 36s 4s/step
This batch loss 0.9569677114486694, acc 0.75, overall 0.6696428571428571
Evaluation:

8/8 [==============================] - 36s 4s/step
This batch loss 0.4486338794231415, acc 0.75, overall 0.670774647887324
Evaluation:

8/8 [==============================] - 36s 4s/step
This batch loss 1.0203453302383423, acc 0.625, overall 0.6701388888888888
Evaluation:

8/8 [==============================] - 36s 4s/step
This batch loss 0.7187366485595703, acc 0.875, overall 0.672945205479452
Evaluation:

8/8 [==============================] - 36s 4s/step
This batch loss 0.46439874172210693, acc 0.625, overall 0.6722972972972973
Evaluation:

8/8 [==============================] - 36s 4s/step
This batch loss 0.954982578754425, acc 0.625, overall 0.6716666666666666
Evaluation:

8/8 [==============================] - 36s 4s/step
This batch loss 0.6832901239395142, acc 0.75, overall 0.6726973684210527
Evaluation:

8/8 [==============================] - 36s 4s/step
This batch loss 0.2925838828086853, acc 0.875, overall 0.6753246753246753
Evaluation:

8/8 [==============================] - 36s 4s/step
This batch loss 0.2729578912258148, acc 0.875, overall 0.6778846153846154
Evaluation:

8/8 [==============================] - 36s 4s/step
This batch loss 0.2636657953262329, acc 1.0, overall 0.6819620253164557
Evaluation:

8/8 [==============================] - 36s 4s/step
This batch loss 0.48857301473617554, acc 0.75, overall 0.6828125
Evaluation:

8/8 [==============================] - 36s 4s/step
This batch loss 0.6228752136230469, acc 0.625, overall 0.6820987654320988
Evaluation:

8/8 [==============================] - 36s 4s/step
This batch loss 0.164844810962677, acc 1.0, overall 0.6859756097560976
Evaluation:

8/8 [==============================] - 36s 4s/step
This batch loss 0.7616087198257446, acc 0.625, overall 0.6852409638554217
Evaluation:

8/8 [==============================] - 36s 4s/step
This batch loss 0.5920686721801758, acc 0.75, overall 0.6860119047619048
Evaluation:

8/8 [==============================] - 36s 4s/step
This batch loss 0.6808918714523315, acc 0.75, overall 0.6867647058823529
Evaluation:

8/8 [==============================] - 36s 4s/step
This batch loss 0.586562991142273, acc 0.625, overall 0.686046511627907
Evaluation:

8/8 [==============================] - 36s 4s/step
This batch loss 0.6285041570663452, acc 0.625, overall 0.6853448275862069
Evaluation:

8/8 [==============================] - 36s 4s/step
This batch loss 1.2031530141830444, acc 0.625, overall 0.6846590909090909
Evaluation:

8/8 [==============================] - 36s 4s/step
This batch loss 0.5657747983932495, acc 0.625, overall 0.6839887640449438
Evaluation:

8/8 [==============================] - 36s 4s/step
This batch loss 0.39054879546165466, acc 0.625, overall 0.6833333333333333
Evaluation:

8/8 [==============================] - 36s 4s/step
This batch loss 0.6551560759544373, acc 0.625, overall 0.6826923076923077
Evaluation:

8/8 [==============================] - 36s 4s/step
This batch loss 0.19596825540065765, acc 1.0, overall 0.686141304347826
Evaluation:

8/8 [==============================] - 36s 4s/step
This batch loss 0.3512709438800812, acc 0.875, overall 0.6881720430107527
Evaluation:

8/8 [==============================] - 36s 4s/step
This batch loss 0.31651368737220764, acc 0.875, overall 0.6901595744680851
Evaluation:

8/8 [==============================] - 36s 4s/step
This batch loss 0.19180065393447876, acc 1.0, overall 0.6934210526315789
Evaluation:

8/8 [==============================] - 36s 4s/step
This batch loss 0.7486938238143921, acc 0.625, overall 0.6927083333333334
Evaluation:

8/8 [==============================] - 36s 4s/step
This batch loss 0.49841105937957764, acc 0.875, overall 0.6945876288659794
Evaluation:

8/8 [==============================] - 36s 4s/step
This batch loss 0.6737869381904602, acc 0.625, overall 0.6938775510204082
Evaluation:

8/8 [==============================] - 36s 4s/step
This batch loss 0.4200085997581482, acc 0.875, overall 0.6957070707070707
Evaluation:

8/8 [==============================] - 36s 4s/step
This batch loss 0.4142083525657654, acc 0.75, overall 0.69625
Evaluation:

8/8 [==============================] - 36s 4s/step
This batch loss 0.30214807391166687, acc 0.875, overall 0.698019801980198
Evaluation:

8/8 [==============================] - 36s 4s/step
This batch loss 0.08048835396766663, acc 1.0, overall 0.7009803921568627
Evaluation:

8/8 [==============================] - 36s 4s/step
This batch loss 0.930105447769165, acc 0.625, overall 0.7002427184466019
Evaluation:

8/8 [==============================] - 36s 4s/step
This batch loss 0.1729227751493454, acc 1.0, overall 0.703125
Evaluation:

8/8 [==============================] - 36s 4s/step
This batch loss 1.0330727100372314, acc 0.75, overall 0.7035714285714286
Evaluation:

8/8 [==============================] - 36s 4s/step
This batch loss 0.6928145289421082, acc 0.625, overall 0.7028301886792453
Evaluation:

8/8 [==============================] - 36s 4s/step
This batch loss 0.5473003387451172, acc 0.75, overall 0.7032710280373832
Evaluation:

8/8 [==============================] - 36s 4s/step
This batch loss 0.7056005597114563, acc 0.75, overall 0.7037037037037037
Evaluation:

8/8 [==============================] - 36s 4s/step
This batch loss 0.41923457384109497, acc 1.0, overall 0.7064220183486238
Evaluation:

8/8 [==============================] - 36s 4s/step
This batch loss 0.45005154609680176, acc 0.875, overall 0.7079545454545455
Evaluation:

8/8 [==============================] - 36s 4s/step
This batch loss 0.28426605463027954, acc 0.875, overall 0.7094594594594594
Evaluation:

8/8 [==============================] - 36s 4s/step
This batch loss 0.38595831394195557, acc 0.875, overall 0.7109375
Evaluation:

8/8 [==============================] - 36s 4s/step
This batch loss 0.6552881598472595, acc 0.75, overall 0.7112831858407079
Evaluation:

8/8 [==============================] - 36s 4s/step
This batch loss 0.32805436849594116, acc 0.875, overall 0.7127192982456141
Evaluation:

8/8 [==============================] - 36s 4s/step
This batch loss 0.5312021970748901, acc 0.875, overall 0.7141304347826087
Evaluation:

8/8 [==============================] - 36s 4s/step
This batch loss 0.35827651619911194, acc 0.875, overall 0.7155172413793104
Evaluation:

8/8 [==============================] - 36s 4s/step
This batch loss 0.9323616027832031, acc 0.75, overall 0.7158119658119658
Evaluation:

8/8 [==============================] - 36s 4s/step
This batch loss 0.9831568002700806, acc 0.75, overall 0.7161016949152542
Evaluation:

8/8 [==============================] - 36s 4s/step
This batch loss 0.580059826374054, acc 0.875, overall 0.717436974789916
Evaluation:

8/8 [==============================] - 36s 4s/step
This batch loss 0.7630727291107178, acc 0.625, overall 0.7166666666666667
Evaluation:

8/8 [==============================] - 36s 4s/step
This batch loss 0.48269835114479065, acc 0.875, overall 0.7179752066115702
Evaluation:

8/8 [==============================] - 36s 4s/step
This batch loss 0.5787810683250427, acc 0.75, overall 0.7182377049180327
Evaluation:

8/8 [==============================] - 36s 4s/step
This batch loss 0.3962215781211853, acc 0.875, overall 0.7195121951219512
Evaluation:

8/8 [==============================] - 36s 4s/step
This batch loss 0.8907886743545532, acc 0.5, overall 0.717741935483871
Evaluation:

8/8 [==============================] - 36s 4s/step
This batch loss 0.9548237919807434, acc 0.625, overall 0.717
Evaluation:

8/8 [==============================] - 36s 4s/step
This batch loss 0.3682687282562256, acc 0.75, overall 0.7172619047619048
Evaluation:

8/8 [==============================] - 36s 4s/step
This batch loss 1.4915332794189453, acc 0.375, overall 0.7145669291338582
Evaluation:

8/8 [==============================] - 36s 4s/step
This batch loss 1.5368438959121704, acc 0.5, overall 0.712890625
Evaluation:

8/8 [==============================] - 36s 4s/step
This batch loss 1.1468505859375, acc 0.5, overall 0.7112403100775194
Evaluation:

8/8 [==============================] - 36s 4s/step
This batch loss 0.6235145926475525, acc 0.75, overall 0.7115384615384616
Evaluation:

8/8 [==============================] - 36s 4s/step
This batch loss 0.6686577796936035, acc 0.625, overall 0.7108778625954199
Evaluation:

8/8 [==============================] - 36s 4s/step
This batch loss 0.5763628482818604, acc 0.75, overall 0.7111742424242424
Evaluation:

8/8 [==============================] - 36s 4s/step
This batch loss 0.6555399298667908, acc 0.75, overall 0.7114661654135338
Evaluation:

8/8 [==============================] - 36s 4s/step
This batch loss 0.7497687339782715, acc 0.75, overall 0.7117537313432836
Evaluation:

8/8 [==============================] - 36s 4s/step
This batch loss 0.737415611743927, acc 0.625, overall 0.7111111111111111
Evaluation:

8/8 [==============================] - 36s 4s/step
This batch loss 1.0080646276474, acc 0.5, overall 0.7095588235294118
Evaluation:

8/8 [==============================] - 36s 4s/step
This batch loss 0.68361896276474, acc 0.625, overall 0.708941605839416
Evaluation:

8/8 [==============================] - 36s 4s/step
This batch loss 0.7541106939315796, acc 0.75, overall 0.7092391304347826
Evaluation:

8/8 [==============================] - 36s 4s/step
This batch loss 1.1164896488189697, acc 0.25, overall 0.7059352517985612
Evaluation:

8/8 [==============================] - 36s 4s/step
This batch loss 1.0399270057678223, acc 0.75, overall 0.70625
Evaluation:

8/8 [==============================] - 36s 4s/step
This batch loss 0.5997922420501709, acc 0.75, overall 0.7065602836879432
Evaluation:

8/8 [==============================] - 36s 4s/step
This batch loss 0.5982844829559326, acc 0.75, overall 0.7068661971830986
Evaluation:

8/8 [==============================] - 36s 4s/step
This batch loss 0.7208689451217651, acc 0.5, overall 0.7054195804195804
Evaluation:

8/8 [==============================] - 36s 4s/step
This batch loss 0.48495280742645264, acc 0.75, overall 0.7057291666666666
Evaluation:

8/8 [==============================] - 36s 4s/step
This batch loss 1.3208763599395752, acc 0.5, overall 0.7043103448275863
Evaluation:

8/8 [==============================] - 36s 4s/step
This batch loss 0.75300133228302, acc 0.625, overall 0.7037671232876712
Evaluation:

8/8 [==============================] - 36s 4s/step
This batch loss 0.7570236325263977, acc 0.875, overall 0.7049319727891157
Evaluation:

8/8 [==============================] - 36s 4s/step
This batch loss 1.6552913188934326, acc 0.5, overall 0.7035472972972973
Evaluation:

8/8 [==============================] - 36s 4s/step
This batch loss 0.5440853834152222, acc 0.875, overall 0.7046979865771812
Evaluation:

8/8 [==============================] - 36s 4s/step
This batch loss 1.022620677947998, acc 0.5, overall 0.7033333333333334
Evaluation:

8/8 [==============================] - 36s 4s/step
This batch loss 0.671707034111023, acc 0.75, overall 0.7036423841059603
Evaluation:

8/8 [==============================] - 36s 4s/step
This batch loss 0.7735729217529297, acc 0.375, overall 0.7014802631578947
Evaluation:

8/8 [==============================] - 36s 4s/step
This batch loss 0.5872933864593506, acc 0.625, overall 0.7009803921568627
Evaluation:

8/8 [==============================] - 36s 4s/step
This batch loss 1.220485806465149, acc 0.5, overall 0.6996753246753247
Evaluation:

8/8 [==============================] - 36s 4s/step
This batch loss 0.5355046987533569, acc 0.75, overall 0.7
Evaluation:

8/8 [==============================] - 36s 4s/step
This batch loss 0.7041939496994019, acc 0.625, overall 0.6995192307692307
Evaluation:

8/8 [==============================] - 36s 4s/step
This batch loss 1.4709899425506592, acc 0.5, overall 0.6982484076433121
Evaluation:

8/8 [==============================] - 36s 4s/step
This batch loss 0.6183160543441772, acc 0.875, overall 0.6993670886075949
Evaluation:

8/8 [==============================] - 36s 4s/step
This batch loss 1.1760097742080688, acc 0.5, overall 0.6981132075471698
Evaluation:

8/8 [==============================] - 36s 4s/step
This batch loss 0.245069220662117, acc 1.0, overall 0.7
Evaluation:

8/8 [==============================] - 36s 4s/step
This batch loss 0.1171165257692337, acc 1.0, overall 0.7018633540372671
Evaluation:

8/8 [==============================] - 36s 4s/step
This batch loss 1.1375958919525146, acc 0.5, overall 0.7006172839506173
Evaluation:

8/8 [==============================] - 36s 4s/step
This batch loss 0.9651322364807129, acc 0.75, overall 0.700920245398773
Evaluation:

8/8 [==============================] - 36s 4s/step
This batch loss 0.6498247385025024, acc 0.75, overall 0.7012195121951219
Evaluation:

8/8 [==============================] - 36s 4s/step
This batch loss 0.3716374933719635, acc 0.875, overall 0.7022727272727273
Evaluation:

8/8 [==============================] - 36s 4s/step
This batch loss 0.09236747026443481, acc 1.0, overall 0.704066265060241
Evaluation:

8/8 [==============================] - 36s 4s/step
This batch loss 0.826053261756897, acc 0.625, overall 0.7035928143712575
Evaluation:

8/8 [==============================] - 36s 4s/step
This batch loss 0.38444143533706665, acc 0.875, overall 0.7046130952380952
Evaluation:

8/8 [==============================] - 36s 4s/step
This batch loss 0.5038982033729553, acc 0.75, overall 0.7048816568047337
Evaluation:

8/8 [==============================] - 36s 4s/step
This batch loss 0.5613332986831665, acc 0.625, overall 0.7044117647058824
Evaluation:

8/8 [==============================] - 36s 4s/step
This batch loss 0.4494907259941101, acc 0.875, overall 0.7054093567251462
Evaluation:

8/8 [==============================] - 36s 4s/step
This batch loss 0.304853230714798, acc 1.0, overall 0.7071220930232558
Evaluation:

8/8 [==============================] - 36s 4s/step
This batch loss 1.1531310081481934, acc 0.625, overall 0.7066473988439307
Evaluation:

8/8 [==============================] - 36s 4s/step
This batch loss 0.9227051734924316, acc 0.625, overall 0.7061781609195402
Evaluation:

8/8 [==============================] - 36s 4s/step
This batch loss 0.5579959154129028, acc 0.75, overall 0.7064285714285714
Evaluation:

8/8 [==============================] - 36s 4s/step
This batch loss 0.43059051036834717, acc 0.875, overall 0.7073863636363636
Evaluation:

8/8 [==============================] - 36s 4s/step
This batch loss 0.587020754814148, acc 0.625, overall 0.7069209039548022
Evaluation:

8/8 [==============================] - 36s 4s/step
This batch loss 1.315366506576538, acc 0.25, overall 0.7043539325842697
Evaluation:

8/8 [==============================] - 36s 4s/step
This batch loss 0.7137505412101746, acc 0.75, overall 0.7046089385474861
Evaluation:

8/8 [==============================] - 36s 4s/step
This batch loss 0.15955105423927307, acc 1.0, overall 0.70625
Evaluation:

8/8 [==============================] - 36s 4s/step
This batch loss 0.2271929383277893, acc 1.0, overall 0.7078729281767956
Evaluation:

8/8 [==============================] - 36s 4s/step
This batch loss 1.4330358505249023, acc 0.375, overall 0.7060439560439561
Evaluation:

8/8 [==============================] - 36s 4s/step
This batch loss 1.4080631732940674, acc 0.625, overall 0.7056010928961749
Evaluation:

8/8 [==============================] - 36s 4s/step
This batch loss 0.609647274017334, acc 0.75, overall 0.7058423913043478
Evaluation:

8/8 [==============================] - 36s 4s/step
This batch loss 0.8076814413070679, acc 0.5, overall 0.7047297297297297
Evaluation:

8/8 [==============================] - 36s 4s/step
This batch loss 0.3085358142852783, acc 0.875, overall 0.7056451612903226
Evaluation:

8/8 [==============================] - 36s 4s/step
This batch loss 0.4180738627910614, acc 0.75, overall 0.7058823529411765
Evaluation:

8/8 [==============================] - 36s 4s/step
This batch loss 0.6447589993476868, acc 0.625, overall 0.7054521276595744
Evaluation:

8/8 [==============================] - 36s 4s/step
This batch loss 1.041550874710083, acc 0.375, overall 0.7037037037037037
Evaluation:

8/8 [==============================] - 36s 4s/step
This batch loss 0.8727161884307861, acc 0.75, overall 0.7039473684210527
Evaluation:

8/8 [==============================] - 36s 4s/step
This batch loss 0.5898759365081787, acc 0.75, overall 0.7041884816753927
Evaluation:

8/8 [==============================] - 36s 4s/step
This batch loss 0.676856517791748, acc 0.625, overall 0.7037760416666666
Evaluation:

8/8 [==============================] - 36s 4s/step
This batch loss 0.622861385345459, acc 0.75, overall 0.7040155440414507
Evaluation:

8/8 [==============================] - 36s 4s/step
This batch loss 0.8311919569969177, acc 0.5, overall 0.7029639175257731
Evaluation:

8/8 [==============================] - 36s 4s/step
This batch loss 0.8763240575790405, acc 0.75, overall 0.7032051282051283
Evaluation:

8/8 [==============================] - 36s 4s/step
This batch loss 0.2964162528514862, acc 1.0, overall 0.704719387755102
Evaluation:

8/8 [==============================] - 36s 4s/step
This batch loss 0.5213824510574341, acc 0.75, overall 0.7049492385786802
Evaluation:

8/8 [==============================] - 36s 4s/step
This batch loss 1.1225366592407227, acc 0.75, overall 0.7051767676767676
Evaluation:

8/8 [==============================] - 36s 4s/step
This batch loss 0.4537993371486664, acc 0.875, overall 0.7060301507537688
Evaluation:

8/8 [==============================] - 36s 4s/step
This batch loss 0.8419644236564636, acc 0.625, overall 0.705625
Evaluation:

8/8 [==============================] - 36s 4s/step
This batch loss 0.22202540934085846, acc 0.875, overall 0.7064676616915423
Evaluation:

8/8 [==============================] - 36s 4s/step
This batch loss 0.8191053867340088, acc 0.75, overall 0.7066831683168316
Evaluation:

8/8 [==============================] - 36s 4s/step
This batch loss 0.7950083017349243, acc 0.5, overall 0.7056650246305419
Evaluation:

8/8 [==============================] - 36s 4s/step
This batch loss 0.2780185639858246, acc 1.0, overall 0.7071078431372549
Evaluation:

8/8 [==============================] - 36s 4s/step
This batch loss 1.6437512636184692, acc 0.5, overall 0.7060975609756097
Evaluation:

8/8 [==============================] - 36s 4s/step
This batch loss 1.0799086093902588, acc 0.625, overall 0.7057038834951457
Evaluation:

8/8 [==============================] - 36s 4s/step
This batch loss 0.9023873805999756, acc 0.75, overall 0.7059178743961353
Evaluation:

8/8 [==============================] - 36s 4s/step
This batch loss 0.9267206192016602, acc 0.625, overall 0.7055288461538461
Evaluation:

8/8 [==============================] - 36s 4s/step
This batch loss 0.9016647934913635, acc 0.625, overall 0.7051435406698564
Evaluation:

8/8 [==============================] - 36s 4s/step
This batch loss 0.8621193170547485, acc 0.75, overall 0.7053571428571429
Evaluation:

8/8 [==============================] - 36s 4s/step
This batch loss 0.553067684173584, acc 0.75, overall 0.705568720379147
Evaluation:

8/8 [==============================] - 36s 4s/step
This batch loss 0.5316931009292603, acc 0.875, overall 0.7063679245283019
Evaluation:

8/8 [==============================] - 36s 4s/step
This batch loss 0.5106015205383301, acc 0.75, overall 0.7065727699530516
Evaluation:

8/8 [==============================] - 36s 4s/step
This batch loss 1.530006766319275, acc 0.25, overall 0.7044392523364486
Evaluation:

8/8 [==============================] - 36s 4s/step
This batch loss 0.7010829448699951, acc 0.75, overall 0.7046511627906977
Evaluation:

8/8 [==============================] - 36s 4s/step
This batch loss 0.7728872299194336, acc 0.75, overall 0.7048611111111112
Evaluation:

8/8 [==============================] - 36s 4s/step
This batch loss 1.0056135654449463, acc 0.5, overall 0.7039170506912442
Evaluation:

8/8 [==============================] - 36s 4s/step
This batch loss 0.975581169128418, acc 0.625, overall 0.7035550458715596
Evaluation:

8/8 [==============================] - 36s 4s/step
This batch loss 1.3006830215454102, acc 0.375, overall 0.702054794520548
Evaluation:

8/8 [==============================] - 36s 4s/step
This batch loss 1.0468270778656006, acc 0.5, overall 0.7011363636363637
Evaluation:

8/8 [==============================] - 36s 4s/step
This batch loss 0.466756135225296, acc 0.875, overall 0.7019230769230769
Evaluation:

8/8 [==============================] - 36s 4s/step
This batch loss 1.1350257396697998, acc 0.125, overall 0.6993243243243243
Evaluation:

8/8 [==============================] - 36s 4s/step
This batch loss 0.7182297706604004, acc 0.625, overall 0.6989910313901345
Evaluation:

8/8 [==============================] - 36s 4s/step
This batch loss 0.5867463946342468, acc 0.75, overall 0.69921875
Evaluation:

8/8 [==============================] - 36s 4s/step
This batch loss 1.113682746887207, acc 0.375, overall 0.6977777777777778
Evaluation:

8/8 [==============================] - 36s 4s/step
This batch loss 0.8975832462310791, acc 0.625, overall 0.6974557522123894
Evaluation:

8/8 [==============================] - 36s 4s/step
This batch loss 0.3575364053249359, acc 0.875, overall 0.698237885462555
Evaluation:

8/8 [==============================] - 36s 4s/step
This batch loss 1.143601894378662, acc 0.5, overall 0.6973684210526315
Evaluation:

8/8 [==============================] - 36s 4s/step
This batch loss 0.8964164853096008, acc 0.625, overall 0.6970524017467249
Evaluation:

8/8 [==============================] - 36s 4s/step
This batch loss 1.3133316040039062, acc 0.5, overall 0.696195652173913
Evaluation:

8/8 [==============================] - 36s 4s/step
This batch loss 0.5241632461547852, acc 0.875, overall 0.696969696969697
Evaluation:

8/8 [==============================] - 36s 4s/step
This batch loss 0.44829273223876953, acc 0.875, overall 0.6977370689655172
Evaluation:

8/8 [==============================] - 36s 4s/step
This batch loss 0.453196257352829, acc 0.625, overall 0.6974248927038627
Evaluation:

8/8 [==============================] - 36s 4s/step
This batch loss 1.343954086303711, acc 0.5, overall 0.6965811965811965
Evaluation:

8/8 [==============================] - 36s 4s/step
This batch loss 0.5710369944572449, acc 0.625, overall 0.6962765957446808
Evaluation:

8/8 [==============================] - 36s 4s/step
This batch loss 0.7073169946670532, acc 0.75, overall 0.6965042372881356
Evaluation:

8/8 [==============================] - 36s 4s/step
This batch loss 1.1732492446899414, acc 0.625, overall 0.6962025316455697
Evaluation:

8/8 [==============================] - 36s 4s/step
This batch loss 0.8648382425308228, acc 0.625, overall 0.6959033613445378
Evaluation:

8/8 [==============================] - 36s 4s/step
This batch loss 0.6993184685707092, acc 0.625, overall 0.6956066945606695
Evaluation:

8/8 [==============================] - 36s 4s/step
This batch loss 0.4091874361038208, acc 0.875, overall 0.6963541666666667
Evaluation:

8/8 [==============================] - 36s 4s/step
This batch loss 1.0453617572784424, acc 0.625, overall 0.696058091286307
Evaluation:

8/8 [==============================] - 36s 4s/step
This batch loss 0.8352959156036377, acc 0.75, overall 0.6962809917355371
Evaluation:

8/8 [==============================] - 36s 4s/step
This batch loss 0.8865451812744141, acc 0.5, overall 0.6954732510288066
Evaluation:

8/8 [==============================] - 36s 4s/step
This batch loss 1.7271720170974731, acc 0.375, overall 0.6941598360655737
Evaluation:

8/8 [==============================] - 36s 4s/step
This batch loss 0.5955792665481567, acc 0.75, overall 0.6943877551020409
Evaluation:

8/8 [==============================] - 36s 4s/step
This batch loss 0.3314143121242523, acc 1.0, overall 0.695630081300813
Evaluation:

8/8 [==============================] - 36s 4s/step
This batch loss 0.431540846824646, acc 0.75, overall 0.6958502024291497
Evaluation:

8/8 [==============================] - 36s 4s/step
This batch loss 0.49239403009414673, acc 0.75, overall 0.6960685483870968
Evaluation:

8/8 [==============================] - 36s 4s/step
This batch loss 0.7812113165855408, acc 0.75, overall 0.696285140562249
Evaluation:

8/8 [==============================] - 36s 4s/step
This batch loss 1.9165160655975342, acc 0.375, overall 0.695
Evaluation:

8/8 [==============================] - 36s 4s/step
This batch loss 0.7287949323654175, acc 0.625, overall 0.6947211155378487
Evaluation:

8/8 [==============================] - 36s 4s/step
This batch loss 0.8807172775268555, acc 0.625, overall 0.6944444444444444
Evaluation:

8/8 [==============================] - 36s 4s/step
This batch loss 1.7778538465499878, acc 0.5, overall 0.6936758893280632
Evaluation:

8/8 [==============================] - 36s 4s/step
This batch loss 0.26514074206352234, acc 0.875, overall 0.6943897637795275
Evaluation:

8/8 [==============================] - 36s 4s/step
This batch loss 0.6347991824150085, acc 0.625, overall 0.6941176470588235
Evaluation:

8/8 [==============================] - 36s 4s/step
This batch loss 1.1094790697097778, acc 0.75, overall 0.6943359375
Evaluation:

8/8 [==============================] - 36s 4s/step
This batch loss 0.6078618168830872, acc 0.75, overall 0.6945525291828794
Evaluation:

8/8 [==============================] - 36s 4s/step
This batch loss 1.474554419517517, acc 0.5, overall 0.6937984496124031
Evaluation:

8/8 [==============================] - 36s 4s/step
This batch loss 1.8523826599121094, acc 0.5, overall 0.693050193050193
Evaluation:

8/8 [==============================] - 36s 4s/step
This batch loss 0.8220940828323364, acc 0.5, overall 0.6923076923076923
Evaluation:

8/8 [==============================] - 36s 4s/step
This batch loss 0.42035695910453796, acc 0.875, overall 0.6930076628352491
Evaluation:

8/8 [==============================] - 36s 4s/step
This batch loss 0.26891225576400757, acc 0.875, overall 0.6937022900763359
Evaluation:

8/8 [==============================] - 36s 4s/step
This batch loss 0.7128569483757019, acc 0.75, overall 0.6939163498098859
Evaluation:

8/8 [==============================] - 36s 4s/step
This batch loss 0.41169920563697815, acc 0.875, overall 0.6946022727272727
Evaluation:

8/8 [==============================] - 36s 4s/step
This batch loss 0.4927278161048889, acc 0.75, overall 0.694811320754717
Evaluation:

8/8 [==============================] - 36s 4s/step
This batch loss 0.6377213001251221, acc 0.75, overall 0.6950187969924813
Evaluation:

8/8 [==============================] - 36s 4s/step
This batch loss 0.6648595929145813, acc 0.5, overall 0.6942883895131086
Evaluation:

8/8 [==============================] - 36s 4s/step
This batch loss 0.7033935785293579, acc 0.75, overall 0.6944962686567164
Evaluation:

8/8 [==============================] - 36s 4s/step
This batch loss 0.7676455974578857, acc 0.5, overall 0.6937732342007435
Evaluation:

8/8 [==============================] - 36s 4s/step
This batch loss 0.606756865978241, acc 0.625, overall 0.6935185185185185
Evaluation:

8/8 [==============================] - 36s 4s/step
This batch loss 0.5972445011138916, acc 0.625, overall 0.6932656826568265
Evaluation:

8/8 [==============================] - 36s 4s/step
This batch loss 0.4027494788169861, acc 0.75, overall 0.6934742647058824
Evaluation:

8/8 [==============================] - 36s 4s/step
This batch loss 0.6571090221405029, acc 0.75, overall 0.6936813186813187
Evaluation:

8/8 [==============================] - 36s 4s/step
This batch loss 0.32330891489982605, acc 0.875, overall 0.6943430656934306
Evaluation:

8/8 [==============================] - 36s 4s/step
This batch loss 0.5117437839508057, acc 0.875, overall 0.695
Evaluation:

8/8 [==============================] - 36s 4s/step
This batch loss 0.6648024916648865, acc 0.875, overall 0.6956521739130435
Evaluation:

8/8 [==============================] - 36s 4s/step
This batch loss 0.742243230342865, acc 0.75, overall 0.6958483754512635
Evaluation:

8/8 [==============================] - 36s 4s/step
This batch loss 0.5682750344276428, acc 0.75, overall 0.6960431654676259
Evaluation:

8/8 [==============================] - 36s 4s/step
This batch loss 1.2112518548965454, acc 0.5, overall 0.6953405017921147
Evaluation:

8/8 [==============================] - 36s 4s/step
This batch loss 0.45970046520233154, acc 0.75, overall 0.6955357142857143
Evaluation:

8/8 [==============================] - 36s 4s/step
This batch loss 0.7931838035583496, acc 0.625, overall 0.6952846975088968
Evaluation:

8/8 [==============================] - 36s 4s/step
This batch loss 0.9368129968643188, acc 0.625, overall 0.6950354609929078
Evaluation:

8/8 [==============================] - 36s 4s/step
This batch loss 1.0447213649749756, acc 0.75, overall 0.6952296819787986
Evaluation:

8/8 [==============================] - 36s 4s/step
This batch loss 0.30621662735939026, acc 0.875, overall 0.695862676056338
Evaluation:

8/8 [==============================] - 36s 4s/step
This batch loss 0.6455762386322021, acc 0.625, overall 0.6956140350877194
Evaluation:

8/8 [==============================] - 36s 4s/step
This batch loss 0.41988158226013184, acc 0.875, overall 0.6962412587412588
Evaluation:

8/8 [==============================] - 36s 4s/step
This batch loss 0.9433372020721436, acc 0.625, overall 0.695993031358885
Evaluation:

8/8 [==============================] - 36s 4s/step
This batch loss 1.0453736782073975, acc 0.625, overall 0.6957465277777778
Evaluation:

8/8 [==============================] - 36s 4s/step
This batch loss 0.43536871671676636, acc 0.625, overall 0.6955017301038062
Evaluation:

8/8 [==============================] - 36s 4s/step
This batch loss 1.2204833030700684, acc 0.625, overall 0.6952586206896552
Evaluation:

8/8 [==============================] - 36s 4s/step
This batch loss 0.3510361611843109, acc 0.875, overall 0.6958762886597938
Evaluation:

8/8 [==============================] - 36s 4s/step
This batch loss 0.5744133591651917, acc 0.625, overall 0.6956335616438356
Evaluation:

8/8 [==============================] - 36s 4s/step
This batch loss 1.0213079452514648, acc 0.625, overall 0.6953924914675768
Evaluation:

8/8 [==============================] - 36s 4s/step
This batch loss 0.7830464839935303, acc 0.75, overall 0.6955782312925171
Evaluation:

8/8 [==============================] - 36s 4s/step
This batch loss 0.5213539004325867, acc 0.875, overall 0.6961864406779661
Evaluation:

8/8 [==============================] - 36s 4s/step
This batch loss 0.26701343059539795, acc 1.0, overall 0.6972128378378378
Evaluation:

8/8 [==============================] - 36s 4s/step
This batch loss 1.1440715789794922, acc 0.5, overall 0.6965488215488216
Evaluation:

8/8 [==============================] - 36s 4s/step
This batch loss 0.6308578252792358, acc 0.75, overall 0.6967281879194631
Evaluation:

8/8 [==============================] - 36s 4s/step
This batch loss 0.7520925402641296, acc 0.625, overall 0.6964882943143813
Evaluation:

8/8 [==============================] - 36s 4s/step
This batch loss 1.171475887298584, acc 0.5, overall 0.6958333333333333
Evaluation:

8/8 [==============================] - 36s 4s/step
This batch loss 0.6039091944694519, acc 0.75, overall 0.6960132890365448
Evaluation:

8/8 [==============================] - 36s 4s/step
This batch loss 0.5605549812316895, acc 0.875, overall 0.6966059602649006
Evaluation:

8/8 [==============================] - 36s 4s/step
This batch loss 0.6985821723937988, acc 0.75, overall 0.6967821782178217
Evaluation:

8/8 [==============================] - 36s 4s/step
This batch loss 0.3659113645553589, acc 0.75, overall 0.6969572368421053
Evaluation:

8/8 [==============================] - 36s 4s/step
This batch loss 0.7845497131347656, acc 0.875, overall 0.6975409836065574
Evaluation:

8/8 [==============================] - 36s 4s/step
This batch loss 0.6312592029571533, acc 0.75, overall 0.6977124183006536
Evaluation:

8/8 [==============================] - 36s 4s/step
This batch loss 1.0696096420288086, acc 0.625, overall 0.6974755700325733
Evaluation:

8/8 [==============================] - 36s 4s/step
This batch loss 0.7180585265159607, acc 0.75, overall 0.6976461038961039
Evaluation:

8/8 [==============================] - 36s 4s/step
This batch loss 1.261942744255066, acc 0.5, overall 0.6970064724919094
Evaluation:

8/8 [==============================] - 36s 4s/step
This batch loss 0.6970827579498291, acc 0.5, overall 0.6963709677419355
Evaluation:

8/8 [==============================] - 36s 4s/step
This batch loss 1.229135513305664, acc 0.25, overall 0.694935691318328
Evaluation:

8/8 [==============================] - 36s 4s/step
This batch loss 0.5764163732528687, acc 0.75, overall 0.6951121794871795
Evaluation:

8/8 [==============================] - 36s 4s/step
This batch loss 0.5037793517112732, acc 0.875, overall 0.6956869009584664
Evaluation:

8/8 [==============================] - 36s 4s/step
This batch loss 0.3985685706138611, acc 0.625, overall 0.6954617834394905
Evaluation:

8/8 [==============================] - 36s 4s/step
This batch loss 0.1596086025238037, acc 1.0, overall 0.6964285714285714
Evaluation:

8/8 [==============================] - 36s 4s/step
This batch loss 0.47540295124053955, acc 0.75, overall 0.6965981012658228
Evaluation:

8/8 [==============================] - 36s 4s/step
This batch loss 0.30910396575927734, acc 1.0, overall 0.6975552050473186
Evaluation:

8/8 [==============================] - 36s 4s/step
This batch loss 0.4102599024772644, acc 0.75, overall 0.6977201257861635
Evaluation:

8/8 [==============================] - 36s 4s/step
This batch loss 0.7748382687568665, acc 0.75, overall 0.697884012539185
Evaluation:

8/8 [==============================] - 36s 4s/step
This batch loss 0.1641225814819336, acc 1.0, overall 0.698828125
Evaluation:

8/8 [==============================] - 36s 4s/step
This batch loss 0.4347250759601593, acc 0.875, overall 0.6993769470404985
Evaluation:

8/8 [==============================] - 36s 4s/step
This batch loss 0.346177875995636, acc 0.875, overall 0.6999223602484472
Evaluation:

8/8 [==============================] - 36s 4s/step
This batch loss 0.7331640124320984, acc 0.625, overall 0.6996904024767802
Evaluation:

8/8 [==============================] - 36s 4s/step
This batch loss 0.5799756646156311, acc 0.875, overall 0.7002314814814815
Evaluation:

8/8 [==============================] - 36s 4s/step
This batch loss 0.4787467420101166, acc 0.875, overall 0.7007692307692308
Evaluation:

8/8 [==============================] - 36s 4s/step
This batch loss 0.935584306716919, acc 0.75, overall 0.700920245398773
Evaluation:

8/8 [==============================] - 36s 4s/step
This batch loss 0.6268981695175171, acc 0.75, overall 0.7010703363914373
Evaluation:

8/8 [==============================] - 36s 4s/step
This batch loss 0.4574155807495117, acc 0.75, overall 0.7012195121951219
Evaluation:

8/8 [==============================] - 36s 4s/step
This batch loss 0.8198306560516357, acc 0.75, overall 0.7013677811550152
Evaluation:

8/8 [==============================] - 36s 4s/step
This batch loss 0.2950987219810486, acc 0.875, overall 0.7018939393939394
Evaluation:

8/8 [==============================] - 36s 4s/step
This batch loss 0.4985750913619995, acc 0.875, overall 0.702416918429003
Evaluation:

8/8 [==============================] - 36s 4s/step
This batch loss 0.38298797607421875, acc 0.875, overall 0.7029367469879518
Evaluation:

8/8 [==============================] - 36s 4s/step
This batch loss 0.9135871529579163, acc 0.875, overall 0.7034534534534534
Evaluation:

8/8 [==============================] - 36s 4s/step
This batch loss 0.9195712804794312, acc 0.375, overall 0.7024700598802395
Evaluation:

8/8 [==============================] - 36s 4s/step
This batch loss 0.8756345510482788, acc 0.625, overall 0.7022388059701492
Evaluation:

8/8 [==============================] - 36s 4s/step
This batch loss 0.42357337474823, acc 0.875, overall 0.7027529761904762
Evaluation:

8/8 [==============================] - 36s 4s/step
This batch loss 0.653038740158081, acc 0.625, overall 0.7025222551928784
Evaluation:

8/8 [==============================] - 36s 4s/step
This batch loss 1.6382014751434326, acc 0.625, overall 0.702292899408284
Evaluation:

8/8 [==============================] - 36s 4s/step
This batch loss 0.5321938991546631, acc 0.75, overall 0.702433628318584
Evaluation:

8/8 [==============================] - 36s 4s/step
This batch loss 0.6563194990158081, acc 0.75, overall 0.7025735294117647
Evaluation:

8/8 [==============================] - 36s 4s/step
This batch loss 0.5471252202987671, acc 0.625, overall 0.7023460410557185
Evaluation:

8/8 [==============================] - 36s 4s/step
This batch loss 1.0987502336502075, acc 0.625, overall 0.7021198830409356
Evaluation:

8/8 [==============================] - 36s 4s/step
This batch loss 0.3559359014034271, acc 0.875, overall 0.7026239067055393
Evaluation:

8/8 [==============================] - 36s 4s/step
This batch loss 0.5561044216156006, acc 0.875, overall 0.703125
Evaluation:

8/8 [==============================] - 36s 4s/step
This batch loss 0.8819395303726196, acc 0.625, overall 0.7028985507246377
Evaluation:

8/8 [==============================] - 36s 4s/step
This batch loss 1.2088521718978882, acc 0.625, overall 0.7026734104046243
Evaluation:

8/8 [==============================] - 36s 4s/step
This batch loss 0.4826233386993408, acc 0.75, overall 0.7028097982708934
Evaluation:

8/8 [==============================] - 36s 4s/step
This batch loss 0.9749689102172852, acc 0.75, overall 0.7029454022988506
Evaluation:

8/8 [==============================] - 36s 4s/step
This batch loss 0.6061884164810181, acc 0.75, overall 0.703080229226361
Evaluation:

8/8 [==============================] - 36s 4s/step
This batch loss 0.42625585198402405, acc 1.0, overall 0.7039285714285715
Evaluation:

8/8 [==============================] - 36s 4s/step
This batch loss 0.8917533159255981, acc 0.75, overall 0.7040598290598291
Evaluation:

8/8 [==============================] - 36s 4s/step
This batch loss 0.6146543025970459, acc 0.75, overall 0.7041903409090909
Evaluation:

8/8 [==============================] - 36s 4s/step
This batch loss 0.9459578394889832, acc 0.625, overall 0.7039660056657224
Evaluation:

8/8 [==============================] - 36s 4s/step
This batch loss 0.6925545334815979, acc 0.75, overall 0.7040960451977402
Evaluation:

8/8 [==============================] - 36s 4s/step
This batch loss 0.6194326877593994, acc 0.875, overall 0.7045774647887324
Evaluation:

8/8 [==============================] - 36s 4s/step
This batch loss 0.8192158937454224, acc 0.75, overall 0.7047050561797753
Evaluation:

8/8 [==============================] - 36s 4s/step
This batch loss 0.32698994874954224, acc 0.875, overall 0.7051820728291317
Evaluation:

8/8 [==============================] - 36s 4s/step
This batch loss 0.6233572959899902, acc 0.875, overall 0.7056564245810056
Evaluation:

8/8 [==============================] - 36s 4s/step
This batch loss 0.6209728717803955, acc 0.625, overall 0.7054317548746518
Evaluation:

8/8 [==============================] - 36s 4s/step
This batch loss 1.1412307024002075, acc 0.5, overall 0.7048611111111112
Evaluation:

8/8 [==============================] - 36s 4s/step
This batch loss 0.7451233863830566, acc 0.75, overall 0.7049861495844876
Evaluation:

8/8 [==============================] - 36s 4s/step
This batch loss 0.8458292484283447, acc 0.75, overall 0.705110497237569
Evaluation:

8/8 [==============================] - 36s 4s/step
This batch loss 1.0650502443313599, acc 0.625, overall 0.7048898071625345
Evaluation:

8/8 [==============================] - 36s 4s/step
This batch loss 0.27880579233169556, acc 1.0, overall 0.7057005494505495
Evaluation:

8/8 [==============================] - 36s 4s/step
This batch loss 0.6263747215270996, acc 0.625, overall 0.7054794520547946
Evaluation:

8/8 [==============================] - 36s 4s/step
This batch loss 0.6814013123512268, acc 0.625, overall 0.70525956284153
Evaluation:

8/8 [==============================] - 36s 4s/step
This batch loss 1.2561922073364258, acc 0.5, overall 0.704700272479564
Evaluation:

8/8 [==============================] - 36s 4s/step
This batch loss 0.8449282050132751, acc 0.625, overall 0.704483695652174
Evaluation:

8/8 [==============================] - 36s 4s/step
This batch loss 0.8187856674194336, acc 0.625, overall 0.7042682926829268
Evaluation:

8/8 [==============================] - 36s 4s/step
This batch loss 0.5421445369720459, acc 0.875, overall 0.7047297297297297
Evaluation:

8/8 [==============================] - 36s 4s/step
This batch loss 0.833728551864624, acc 0.5, overall 0.704177897574124
Evaluation:

8/8 [==============================] - 36s 4s/step
This batch loss 0.5551241636276245, acc 0.625, overall 0.7039650537634409
Evaluation:

8/8 [==============================] - 36s 4s/step
This batch loss 1.6691797971725464, acc 0.75, overall 0.704088471849866
Evaluation:

8/8 [==============================] - 36s 4s/step
This batch loss 0.8440406918525696, acc 0.625, overall 0.7038770053475936
Evaluation:

8/8 [==============================] - 36s 4s/step
This batch loss 0.6592440605163574, acc 0.625, overall 0.7036666666666667
Evaluation:

8/8 [==============================] - 36s 4s/step
This batch loss 1.0943652391433716, acc 0.875, overall 0.7041223404255319
Evaluation:

8/8 [==============================] - 36s 4s/step
This batch loss 0.42805811762809753, acc 0.875, overall 0.7045755968169761
Evaluation:

8/8 [==============================] - 36s 4s/step
This batch loss 1.1073054075241089, acc 0.75, overall 0.7046957671957672
Evaluation:

8/8 [==============================] - 36s 4s/step
This batch loss 0.9777644276618958, acc 0.625, overall 0.7044854881266491
Evaluation:

8/8 [==============================] - 36s 4s/step
This batch loss 0.6410505175590515, acc 0.75, overall 0.7046052631578947
Evaluation:

8/8 [==============================] - 36s 4s/step
This batch loss 0.8266446590423584, acc 0.625, overall 0.7043963254593176
Evaluation:

8/8 [==============================] - 36s 4s/step
This batch loss 0.37781795859336853, acc 0.875, overall 0.7048429319371727
Evaluation:

8/8 [==============================] - 36s 4s/step
This batch loss 0.8299235105514526, acc 0.75, overall 0.7049608355091384
Evaluation:

8/8 [==============================] - 36s 4s/step
This batch loss 1.1659518480300903, acc 0.75, overall 0.705078125
Evaluation:

8/8 [==============================] - 36s 4s/step
This batch loss 0.318142294883728, acc 0.875, overall 0.7055194805194805
Evaluation:

8/8 [==============================] - 36s 4s/step
This batch loss 0.6186156272888184, acc 0.75, overall 0.7056347150259067
Evaluation:

8/8 [==============================] - 36s 4s/step
This batch loss 0.3182464838027954, acc 0.875, overall 0.7060723514211886
Evaluation:

8/8 [==============================] - 36s 4s/step
This batch loss 0.6747809648513794, acc 0.75, overall 0.7061855670103093
Evaluation:

8/8 [==============================] - 36s 4s/step
This batch loss 0.5524675846099854, acc 0.75, overall 0.7062982005141388
Evaluation:

8/8 [==============================] - 36s 4s/step
This batch loss 0.554931640625, acc 0.625, overall 0.7060897435897436
Evaluation:

8/8 [==============================] - 36s 4s/step
This batch loss 1.090066909790039, acc 0.625, overall 0.7058823529411765
Evaluation:

8/8 [==============================] - 36s 4s/step
This batch loss 0.877211332321167, acc 0.625, overall 0.7056760204081632
Evaluation:

8/8 [==============================] - 36s 4s/step
This batch loss 1.4974069595336914, acc 0.375, overall 0.7048346055979644
Evaluation:

8/8 [==============================] - 36s 4s/step
This batch loss 0.20241448283195496, acc 1.0, overall 0.7055837563451777
Evaluation:

8/8 [==============================] - 36s 4s/step
This batch loss 0.4490204453468323, acc 0.75, overall 0.7056962025316456
Evaluation:

8/8 [==============================] - 36s 4s/step
This batch loss 0.82984459400177, acc 0.75, overall 0.7058080808080808
Evaluation:

8/8 [==============================] - 36s 4s/step
This batch loss 0.9481651782989502, acc 0.5, overall 0.7052896725440806
Evaluation:

8/8 [==============================] - 36s 4s/step
This batch loss 0.647985577583313, acc 0.875, overall 0.7057160804020101
Evaluation:

8/8 [==============================] - 36s 4s/step
This batch loss 0.8861502408981323, acc 0.75, overall 0.7058270676691729
Evaluation:

8/8 [==============================] - 36s 4s/step
This batch loss 0.6403850317001343, acc 0.75, overall 0.7059375
Evaluation:

8/8 [==============================] - 36s 4s/step
This batch loss 0.35333818197250366, acc 0.875, overall 0.706359102244389
Evaluation:

8/8 [==============================] - 36s 4s/step
This batch loss 0.8385250568389893, acc 0.75, overall 0.7064676616915423
Evaluation:

8/8 [==============================] - 36s 4s/step
This batch loss 0.8611906170845032, acc 0.5, overall 0.705955334987593
Evaluation:

8/8 [==============================] - 36s 4s/step
This batch loss 0.8005792498588562, acc 0.625, overall 0.7057549504950495
Evaluation:

8/8 [==============================] - 36s 4s/step
This batch loss 0.9753670692443848, acc 0.625, overall 0.7055555555555556
Evaluation:

8/8 [==============================] - 36s 4s/step
This batch loss 0.7829764485359192, acc 0.625, overall 0.7053571428571429
Evaluation:

8/8 [==============================] - 36s 4s/step
This batch loss 0.2834329307079315, acc 0.875, overall 0.7057739557739557
Evaluation:

8/8 [==============================] - 36s 4s/step
This batch loss 0.5434635281562805, acc 0.875, overall 0.7061887254901961
Evaluation:

8/8 [==============================] - 36s 4s/step
This batch loss 0.8630996346473694, acc 0.625, overall 0.7059902200488998
Evaluation:

8/8 [==============================] - 36s 4s/step
This batch loss 0.4849902391433716, acc 0.75, overall 0.7060975609756097
Evaluation:

8/8 [==============================] - 36s 4s/step
This batch loss 0.838645339012146, acc 0.5, overall 0.7055961070559611
Evaluation:

8/8 [==============================] - 36s 4s/step
This batch loss 1.4900931119918823, acc 0.25, overall 0.7044902912621359
Evaluation:

8/8 [==============================] - 36s 4s/step
This batch loss 0.2806318998336792, acc 0.875, overall 0.7049031476997578
Evaluation:

8/8 [==============================] - 36s 4s/step
This batch loss 0.9779007434844971, acc 0.5, overall 0.7044082125603864
Evaluation:

8/8 [==============================] - 36s 4s/step
This batch loss 0.7265300750732422, acc 0.75, overall 0.7045180722891566
Evaluation:

8/8 [==============================] - 36s 4s/step
This batch loss 0.37706196308135986, acc 0.875, overall 0.7049278846153846
Evaluation:

8/8 [==============================] - 36s 4s/step
This batch loss 0.32412266731262207, acc 0.875, overall 0.705335731414868
Evaluation:

8/8 [==============================] - 36s 4s/step
This batch loss 0.9167089462280273, acc 0.625, overall 0.7051435406698564
Evaluation:

8/8 [==============================] - 36s 4s/step
This batch loss 0.4139244258403778, acc 0.875, overall 0.7055489260143198
Evaluation:

8/8 [==============================] - 36s 4s/step
This batch loss 0.45509517192840576, acc 0.75, overall 0.705654761904762
Evaluation:

8/8 [==============================] - 36s 4s/step
This batch loss 0.42730504274368286, acc 0.75, overall 0.7057600950118765
Evaluation:

8/8 [==============================] - 36s 4s/step
This batch loss 0.9909521341323853, acc 0.5, overall 0.7052725118483413
Evaluation:

8/8 [==============================] - 36s 4s/step
This batch loss 0.7744835615158081, acc 0.75, overall 0.7053782505910166
Evaluation:

8/8 [==============================] - 36s 4s/step
This batch loss 0.8631556630134583, acc 0.625, overall 0.7051886792452831
Evaluation:

8/8 [==============================] - 36s 4s/step
This batch loss 0.8851214647293091, acc 0.5, overall 0.7047058823529412
Evaluation:

8/8 [==============================] - 36s 4s/step
This batch loss 0.6449981927871704, acc 0.625, overall 0.704518779342723
Evaluation:

8/8 [==============================] - 36s 4s/step
This batch loss 0.4899786412715912, acc 0.875, overall 0.7049180327868853
Evaluation:

8/8 [==============================] - 36s 4s/step
This batch loss 0.6118146181106567, acc 0.625, overall 0.704731308411215
Evaluation:

8/8 [==============================] - 36s 4s/step
This batch loss 0.513469934463501, acc 0.875, overall 0.7051282051282052
Evaluation:

8/8 [==============================] - 36s 4s/step
This batch loss 1.359148383140564, acc 0.625, overall 0.7049418604651163
Evaluation:

8/8 [==============================] - 36s 4s/step
This batch loss 0.6149467825889587, acc 0.75, overall 0.705046403712297
Evaluation:

8/8 [==============================] - 36s 4s/step
This batch loss 0.4777194857597351, acc 0.75, overall 0.7051504629629629
Evaluation:

8/8 [==============================] - 36s 4s/step
This batch loss 0.4222560524940491, acc 0.875, overall 0.7055427251732102
Evaluation:

8/8 [==============================] - 36s 4s/step
This batch loss 0.46401119232177734, acc 0.875, overall 0.7059331797235023
Evaluation:

8/8 [==============================] - 36s 4s/step
This batch loss 1.2255613803863525, acc 0.5, overall 0.7054597701149425
Evaluation:

8/8 [==============================] - 36s 4s/step
This batch loss 0.8824059963226318, acc 0.5, overall 0.7049885321100917
Evaluation:

8/8 [==============================] - 36s 4s/step
This batch loss 0.5600236654281616, acc 0.75, overall 0.705091533180778
Evaluation:

8/8 [==============================] - 36s 4s/step
This batch loss 0.7654957175254822, acc 0.625, overall 0.7049086757990868
Evaluation:

8/8 [==============================] - 36s 4s/step
This batch loss 1.0012233257293701, acc 0.75, overall 0.7050113895216401
Evaluation:

8/8 [==============================] - 36s 4s/step
This batch loss 0.9767059683799744, acc 0.625, overall 0.7048295454545455
Evaluation:

8/8 [==============================] - 36s 4s/step
This batch loss 0.9062998294830322, acc 0.75, overall 0.7049319727891157
Evaluation:

8/8 [==============================] - 36s 4s/step
This batch loss 1.3110778331756592, acc 0.625, overall 0.7047511312217195
Evaluation:

8/8 [==============================] - 36s 4s/step
This batch loss 1.7948023080825806, acc 0.25, overall 0.70372460496614
Evaluation:

8/8 [==============================] - 36s 4s/step
This batch loss 1.0258753299713135, acc 0.625, overall 0.7035472972972973
Evaluation:

8/8 [==============================] - 36s 4s/step
This batch loss 1.0632027387619019, acc 0.5, overall 0.7030898876404494
Evaluation:

8/8 [==============================] - 36s 4s/step
This batch loss 1.3501960039138794, acc 0.375, overall 0.702354260089686
Evaluation:

8/8 [==============================] - 36s 4s/step
This batch loss 1.6807990074157715, acc 0.625, overall 0.7021812080536913
Evaluation:

8/8 [==============================] - 36s 4s/step
This batch loss 1.1269038915634155, acc 0.625, overall 0.7020089285714286
Evaluation:

8/8 [==============================] - 36s 4s/step
This batch loss 0.3898550570011139, acc 0.875, overall 0.7023942093541202
Evaluation:

8/8 [==============================] - 36s 4s/step
This batch loss 0.8775234222412109, acc 0.75, overall 0.7025
Evaluation:

8/8 [==============================] - 36s 4s/step
This batch loss 0.7158297896385193, acc 0.75, overall 0.7026053215077606
Evaluation:

8/8 [==============================] - 36s 4s/step
This batch loss 0.590056300163269, acc 0.625, overall 0.702433628318584
Evaluation:

8/8 [==============================] - 36s 4s/step
This batch loss 0.39358434081077576, acc 1.0, overall 0.7030905077262694
Evaluation:

8/8 [==============================] - 36s 4s/step
This batch loss 1.0784156322479248, acc 0.5, overall 0.7026431718061674
Evaluation:

8/8 [==============================] - 36s 4s/step
This batch loss 0.16870617866516113, acc 1.0, overall 0.7032967032967034
Evaluation:

8/8 [==============================] - 36s 4s/step
This batch loss 0.4447562098503113, acc 0.875, overall 0.7036732456140351
Evaluation:

8/8 [==============================] - 36s 4s/step
This batch loss 1.7729731798171997, acc 0.375, overall 0.7029540481400438
Evaluation:

8/8 [==============================] - 36s 4s/step
This batch loss 0.146162211894989, acc 1.0, overall 0.7036026200873362
Evaluation:

8/8 [==============================] - 36s 4s/step
This batch loss 0.7594919204711914, acc 0.75, overall 0.7037037037037037
Evaluation:

8/8 [==============================] - 36s 4s/step
This batch loss 0.7753359079360962, acc 0.625, overall 0.7035326086956522
Evaluation:

8/8 [==============================] - 36s 4s/step
This batch loss 0.43910637497901917, acc 0.875, overall 0.7039045553145337
Evaluation:

8/8 [==============================] - 36s 4s/step
This batch loss 0.565706729888916, acc 0.75, overall 0.704004329004329
Evaluation:

8/8 [==============================] - 36s 4s/step
This batch loss 0.38392019271850586, acc 0.875, overall 0.7043736501079914
Evaluation:

8/8 [==============================] - 36s 4s/step
This batch loss 0.9793167114257812, acc 0.75, overall 0.7044719827586207
Evaluation:

8/8 [==============================] - 36s 4s/step
This batch loss 0.9643846750259399, acc 0.625, overall 0.7043010752688172
Evaluation:

8/8 [==============================] - 36s 4s/step
This batch loss 0.2523064911365509, acc 0.875, overall 0.7046673819742489
Evaluation:

8/8 [==============================] - 36s 4s/step
This batch loss 0.7057188749313354, acc 0.75, overall 0.7047644539614561
Evaluation:

8/8 [==============================] - 36s 4s/step
This batch loss 1.1141462326049805, acc 0.5, overall 0.7043269230769231
Evaluation:

8/8 [==============================] - 36s 4s/step
This batch loss 0.284460186958313, acc 0.875, overall 0.7046908315565032
Evaluation:

8/8 [==============================] - 36s 4s/step
This batch loss 0.17170530557632446, acc 1.0, overall 0.7053191489361702
Evaluation:

8/8 [==============================] - 36s 4s/step
This batch loss 1.0522198677062988, acc 0.625, overall 0.7051486199575372
Evaluation:

8/8 [==============================] - 36s 4s/step
This batch loss 0.8388044238090515, acc 0.5, overall 0.7047139830508474
Evaluation:

8/8 [==============================] - 36s 4s/step
This batch loss 0.27222687005996704, acc 0.875, overall 0.7050739957716702
Evaluation:

8/8 [==============================] - 36s 4s/step
This batch loss 0.46019241213798523, acc 0.75, overall 0.705168776371308
Evaluation:

8/8 [==============================] - 36s 4s/step
This batch loss 1.452929973602295, acc 0.25, overall 0.7042105263157895
Evaluation:

8/8 [==============================] - 36s 4s/step
This batch loss 0.7882382869720459, acc 0.625, overall 0.7040441176470589
Evaluation:

8/8 [==============================] - 36s 4s/step
This batch loss 0.3243217468261719, acc 0.875, overall 0.7044025157232704
Evaluation:

8/8 [==============================] - 36s 4s/step
This batch loss 0.8981296420097351, acc 0.75, overall 0.7044979079497908
Evaluation:

8/8 [==============================] - 36s 4s/step
This batch loss 1.074167251586914, acc 0.625, overall 0.7043319415448852
Evaluation:

8/8 [==============================] - 36s 4s/step
This batch loss 0.4416548013687134, acc 0.875, overall 0.7046875
Evaluation:

8/8 [==============================] - 36s 4s/step
This batch loss 0.7044600248336792, acc 0.875, overall 0.70504158004158
Evaluation:

8/8 [==============================] - 36s 4s/step
This batch loss 0.699568510055542, acc 0.75, overall 0.7051348547717843
Evaluation:

8/8 [==============================] - 36s 4s/step
This batch loss 0.7531405091285706, acc 0.75, overall 0.7052277432712215
Evaluation:

8/8 [==============================] - 36s 4s/step
This batch loss 0.7709670066833496, acc 0.625, overall 0.7050619834710744
Evaluation:

8/8 [==============================] - 36s 4s/step
This batch loss 0.6757310628890991, acc 0.75, overall 0.7051546391752578
Evaluation:

8/8 [==============================] - 36s 4s/step
This batch loss 0.5967652797698975, acc 0.875, overall 0.7055041152263375
Evaluation:

8/8 [==============================] - 36s 4s/step
This batch loss 1.0076866149902344, acc 0.5, overall 0.705082135523614
Evaluation:

8/8 [==============================] - 36s 4s/step
This batch loss 1.0485724210739136, acc 0.375, overall 0.704405737704918
Evaluation:

8/8 [==============================] - 36s 4s/step
This batch loss 0.8013257384300232, acc 0.625, overall 0.7042433537832311
Evaluation:

8/8 [==============================] - 36s 4s/step
This batch loss 1.5934547185897827, acc 0.5, overall 0.7038265306122449
Evaluation:

8/8 [==============================] - 36s 4s/step
This batch loss 1.354762315750122, acc 0.375, overall 0.7031568228105907
Evaluation:

8/8 [==============================] - 36s 4s/step
This batch loss 0.5694109797477722, acc 0.75, overall 0.7032520325203252
Evaluation:

8/8 [==============================] - 36s 4s/step
This batch loss 0.498506635427475, acc 0.875, overall 0.7036004056795132
Evaluation:

8/8 [==============================] - 36s 4s/step
This batch loss 0.4740200936794281, acc 0.875, overall 0.7039473684210527
Evaluation:

8/8 [==============================] - 36s 4s/step
This batch loss 0.2059006243944168, acc 0.875, overall 0.7042929292929293
Evaluation:

8/8 [==============================] - 36s 4s/step
This batch loss 0.3647405505180359, acc 0.875, overall 0.7046370967741935
Evaluation:

8/8 [==============================] - 36s 4s/step
This batch loss 0.6359742879867554, acc 0.625, overall 0.704476861167002
Evaluation:

8/8 [==============================] - 36s 4s/step
This batch loss 0.5604884028434753, acc 0.75, overall 0.7045682730923695
Evaluation:

8/8 [==============================] - 36s 4s/step
This batch loss 0.9285924434661865, acc 0.375, overall 0.7039078156312625
Evaluation:

8/8 [==============================] - 36s 4s/step
This batch loss 1.0027589797973633, acc 0.5, overall 0.7035
Evaluation:

8/8 [==============================] - 36s 4s/step
This batch loss 0.38526350259780884, acc 0.875, overall 0.7038423153692615
Evaluation:

8/8 [==============================] - 36s 4s/step
This batch loss 0.41995859146118164, acc 0.75, overall 0.7039342629482072
Evaluation:

8/8 [==============================] - 36s 4s/step
This batch loss 0.9613955616950989, acc 0.625, overall 0.7037773359840954
Evaluation:

8/8 [==============================] - 36s 4s/step
This batch loss 0.47774991393089294, acc 0.75, overall 0.7038690476190477
Evaluation:

8/8 [==============================] - 36s 4s/step
This batch loss 0.6451162099838257, acc 0.75, overall 0.7039603960396039
Evaluation:

8/8 [==============================] - 36s 4s/step
This batch loss 0.4978892207145691, acc 0.875, overall 0.704298418972332
Evaluation:

8/8 [==============================] - 36s 4s/step
This batch loss 1.528672695159912, acc 0.625, overall 0.7041420118343196
Evaluation:

8/8 [==============================] - 36s 4s/step
This batch loss 0.6027697324752808, acc 0.625, overall 0.703986220472441
Evaluation:

8/8 [==============================] - 36s 4s/step
This batch loss 0.9011339545249939, acc 0.625, overall 0.7038310412573674
Evaluation:

8/8 [==============================] - 36s 4s/step
This batch loss 0.5970543622970581, acc 0.875, overall 0.7041666666666667
Evaluation:

8/8 [==============================] - 36s 4s/step
This batch loss 0.24199414253234863, acc 0.875, overall 0.7045009784735812
Evaluation:

8/8 [==============================] - 36s 4s/step
This batch loss 1.337209939956665, acc 0.375, overall 0.703857421875
Evaluation:

8/8 [==============================] - 36s 4s/step
This batch loss 1.276601791381836, acc 0.625, overall 0.7037037037037037
Evaluation:

8/8 [==============================] - 36s 4s/step
This batch loss 0.30504143238067627, acc 0.875, overall 0.7040369649805448
Evaluation:

8/8 [==============================] - 36s 4s/step
This batch loss 1.1461942195892334, acc 0.625, overall 0.7038834951456311
Evaluation:

8/8 [==============================] - 36s 4s/step
This batch loss 0.6376520395278931, acc 0.75, overall 0.7039728682170543
Evaluation:

8/8 [==============================] - 36s 4s/step
This batch loss 0.34222519397735596, acc 0.875, overall 0.7043036750483559
Evaluation:

8/8 [==============================] - 36s 4s/step
This batch loss 0.6798781156539917, acc 0.625, overall 0.7041505791505791
Evaluation:

8/8 [==============================] - 36s 4s/step
This batch loss 1.6826609373092651, acc 0.625, overall 0.7039980732177264
Evaluation:

8/8 [==============================] - 36s 4s/step
This batch loss 0.5042397975921631, acc 0.75, overall 0.7040865384615385
Evaluation:

8/8 [==============================] - 36s 4s/step
This batch loss 1.7265446186065674, acc 0.25, overall 0.7032149712092131
Evaluation:

8/8 [==============================] - 36s 4s/step
This batch loss 0.9796085953712463, acc 0.625, overall 0.7030651340996169
Evaluation:

8/8 [==============================] - 36s 4s/step
This batch loss 0.19979894161224365, acc 0.875, overall 0.7033938814531548
Evaluation:

8/8 [==============================] - 36s 4s/step
This batch loss 0.7134546637535095, acc 0.75, overall 0.7034828244274809
Evaluation:

8/8 [==============================] - 36s 4s/step
This batch loss 0.4957554042339325, acc 0.875, overall 0.7038095238095238
Evaluation:

8/8 [==============================] - 36s 4s/step
This batch loss 0.2280881404876709, acc 0.875, overall 0.7041349809885932
Evaluation:

8/8 [==============================] - 36s 4s/step
This batch loss 0.4481407403945923, acc 0.875, overall 0.7044592030360531
Evaluation:

8/8 [==============================] - 36s 4s/step
This batch loss 0.9646466374397278, acc 0.75, overall 0.7045454545454546
Evaluation:

8/8 [==============================] - 36s 4s/step
This batch loss 0.40371859073638916, acc 0.875, overall 0.7048676748582231
Evaluation:

8/8 [==============================] - 36s 4s/step
This batch loss 0.8791948556900024, acc 0.875, overall 0.7051886792452831
Evaluation:

8/8 [==============================] - 36s 4s/step
This batch loss 0.7704156637191772, acc 0.625, overall 0.7050376647834274
Evaluation:

8/8 [==============================] - 36s 4s/step
This batch loss 0.5712226629257202, acc 0.75, overall 0.7051221804511278
Evaluation:

8/8 [==============================] - 36s 4s/step
This batch loss 1.0375142097473145, acc 0.625, overall 0.7049718574108818
Evaluation:

8/8 [==============================] - 36s 4s/step
This batch loss 0.742239773273468, acc 0.75, overall 0.7050561797752809
Evaluation:

8/8 [==============================] - 36s 4s/step
This batch loss 1.1895325183868408, acc 0.625, overall 0.7049065420560747
Evaluation:

8/8 [==============================] - 36s 4s/step
This batch loss 0.7436783313751221, acc 0.75, overall 0.7049906716417911
Evaluation:

8/8 [==============================] - 36s 4s/step
This batch loss 0.9843612909317017, acc 0.625, overall 0.7048417132216015
Evaluation:

8/8 [==============================] - 36s 4s/step
This batch loss 0.45574331283569336, acc 0.75, overall 0.7049256505576208
Evaluation:

8/8 [==============================] - 36s 4s/step
This batch loss 0.9816015958786011, acc 0.625, overall 0.7047773654916512
Evaluation:

8/8 [==============================] - 36s 4s/step
This batch loss 0.2802720069885254, acc 0.875, overall 0.7050925925925926
Evaluation:

8/8 [==============================] - 36s 4s/step
This batch loss 0.39606523513793945, acc 0.875, overall 0.7054066543438078
Evaluation:

8/8 [==============================] - 36s 4s/step
This batch loss 0.6081835627555847, acc 0.625, overall 0.7052583025830258
Evaluation:

8/8 [==============================] - 36s 4s/step
This batch loss 0.5438886880874634, acc 0.75, overall 0.7053406998158379
Evaluation:

8/8 [==============================] - 36s 4s/step
This batch loss 0.36581262946128845, acc 0.875, overall 0.7056525735294118
Evaluation:

8/8 [==============================] - 36s 4s/step
This batch loss 0.9564414620399475, acc 0.625, overall 0.7055045871559633
Evaluation:

8/8 [==============================] - 36s 4s/step
This batch loss 0.7586897611618042, acc 0.625, overall 0.7053571428571429
Evaluation:

8/8 [==============================] - 36s 4s/step
This batch loss 0.641169548034668, acc 0.625, overall 0.7052102376599635
Evaluation:

8/8 [==============================] - 36s 4s/step
This batch loss 0.18177898228168488, acc 1.0, overall 0.7057481751824818
Evaluation:

8/8 [==============================] - 36s 4s/step
This batch loss 0.9278629422187805, acc 0.75, overall 0.7058287795992714
Evaluation:

8/8 [==============================] - 36s 4s/step
This batch loss 0.8765902519226074, acc 0.375, overall 0.7052272727272727
Evaluation:

8/8 [==============================] - 36s 4s/step
This batch loss 0.8151726722717285, acc 0.625, overall 0.70508166969147
Evaluation:

8/8 [==============================] - 36s 4s/step
This batch loss 1.109966516494751, acc 0.625, overall 0.7049365942028986
Evaluation:

8/8 [==============================] - 36s 4s/step
This batch loss 1.0248738527297974, acc 0.875, overall 0.705244122965642
Evaluation:

8/8 [==============================] - 36s 4s/step
This batch loss 0.6422392129898071, acc 0.625, overall 0.7050992779783394
Evaluation:

8/8 [==============================] - 36s 4s/step
This batch loss 2.0895378589630127, acc 0.25, overall 0.7042792792792792
Evaluation:

8/8 [==============================] - 36s 4s/step
This batch loss 0.6527054309844971, acc 0.75, overall 0.7043615107913669
Evaluation:

8/8 [==============================] - 36s 4s/step
This batch loss 0.530664324760437, acc 0.75, overall 0.704443447037702
Evaluation:

8/8 [==============================] - 36s 4s/step
This batch loss 0.3600746691226959, acc 0.875, overall 0.7047491039426523
Evaluation:

8/8 [==============================] - 36s 4s/step
This batch loss 1.1115446090698242, acc 0.5, overall 0.7043828264758497
Evaluation:

8/8 [==============================] - 36s 4s/step
This batch loss 0.8278332352638245, acc 0.625, overall 0.7042410714285714
Device mapping: no known devices.

------------------------------------------------------------
Sender: LSF System <lsfadmin@skygpu17>
Subject: Job 35717: <#BSUB -n 4;#BSUB -e /gpfs/data/denizlab/Users/bz1030/model/log/mamm_randc_125000.err;#BSUB -o /gpfs/data/denizlab/Users/bz1030/model/log/mamm_randc_125000.out; source /gpfs/data/denizlab/Users/bz1030/model/tf.sh;python /gpfs/data/denizlab/Users/bz1030/model/validation.py> in cluster <SkynetCluster> Done

Job <#BSUB -n 4;#BSUB -e /gpfs/data/denizlab/Users/bz1030/model/log/mamm_randc_125000.err;#BSUB -o /gpfs/data/denizlab/Users/bz1030/model/log/mamm_randc_125000.out; source /gpfs/data/denizlab/Users/bz1030/model/tf.sh;python /gpfs/data/denizlab/Users/bz1030/model/validation.py> was submitted from host <skynet01> by user <bz1030> in cluster <SkynetCluster> at Mon Apr 29 09:27:34 2019
Job was executed on host(s) <4*skygpu17>, in queue <normal>, as user <bz1030> in cluster <SkynetCluster> at Mon Apr 29 09:27:34 2019
</home/bz1030> was used as the home directory.
</gpfs/data/denizlab/Users/bz1030/model/bash_file> was used as the working directory.
Started at Mon Apr 29 09:27:34 2019
Terminated at Mon Apr 29 15:17:36 2019
Results reported at Mon Apr 29 15:17:36 2019

Your job looked like:

------------------------------------------------------------
# LSBATCH: User input
#BSUB -n 4
#BSUB -e /gpfs/data/denizlab/Users/bz1030/model/log/mamm_randc_125000.err
#BSUB -o /gpfs/data/denizlab/Users/bz1030/model/log/mamm_randc_125000.out

source /gpfs/data/denizlab/Users/bz1030/model/tf.sh
python /gpfs/data/denizlab/Users/bz1030/model/validation.py
------------------------------------------------------------

Successfully completed.

Resource usage summary:

    CPU time :                                   81295.00 sec.
    Max Memory :                                 3 GB
    Average Memory :                             1.23 GB
    Total Requested Memory :                     8.00 GB
    Delta Memory :                               5.00 GB
    Max Swap :                                   -
    Max Processes :                              5
    Max Threads :                                15
    Run time :                                   20998 sec.
    Turnaround time :                            21002 sec.

The output (if any) is above this job summary.



PS:

Read file </gpfs/data/denizlab/Users/bz1030/model/log/mamm_randc_125000.err> for stderr output of this job.

