
------------------------------------------------------------
Sender: LSF System <lsfadmin@skygpu11>
Subject: Job 37997: <#!/bin/bash;#BSUB -n 2;#BSUB -e /gpfs/data/denizlab/Users/bz1030/src/log/run%J.err;#BSUB -o /gpfs/data/denizlab/Users/bz1030/src/log/run%J.out; export month="00m";source /gpfs/data/denizlab/Users/bz1030/src/setup.sh;python /gpfs/data/denizlab/Users/bz1030/src/main.py --month "$month" > log/log"$month".txt> in cluster <SkynetCluster> Done

Job <#!/bin/bash;#BSUB -n 2;#BSUB -e /gpfs/data/denizlab/Users/bz1030/src/log/run%J.err;#BSUB -o /gpfs/data/denizlab/Users/bz1030/src/log/run%J.out; export month="00m";source /gpfs/data/denizlab/Users/bz1030/src/setup.sh;python /gpfs/data/denizlab/Users/bz1030/src/main.py --month "$month" > log/log"$month".txt> was submitted from host <skynet01> by user <bz1030> in cluster <SkynetCluster> at Sun May 19 15:21:46 2019
Job was executed on host(s) <2*skygpu11>, in queue <normal>, as user <bz1030> in cluster <SkynetCluster> at Sun May 19 15:21:48 2019
</home/bz1030> was used as the home directory.
</gpfs/data/denizlab/Users/bz1030/src> was used as the working directory.
Started at Sun May 19 15:21:48 2019
Terminated at Sun May 19 19:28:14 2019
Results reported at Sun May 19 19:28:14 2019

Your job looked like:

------------------------------------------------------------
# LSBATCH: User input
#!/bin/bash
#BSUB -n 2
#BSUB -e /gpfs/data/denizlab/Users/bz1030/src/log/run%J.err
#BSUB -o /gpfs/data/denizlab/Users/bz1030/src/log/run%J.out

export month="00m"
source /gpfs/data/denizlab/Users/bz1030/src/setup.sh
python /gpfs/data/denizlab/Users/bz1030/src/main.py --month "$month" > log/log"$month".txt
------------------------------------------------------------

Successfully completed.

Resource usage summary:

    CPU time :                                   14021.00 sec.
    Max Memory :                                 1 GB
    Average Memory :                             1.00 GB
    Total Requested Memory :                     4.00 GB
    Delta Memory :                               3.00 GB
    Max Swap :                                   -
    Max Processes :                              5
    Max Threads :                                7
    Run time :                                   14768 sec.
    Turnaround time :                            14788 sec.

The output (if any) is above this job summary.



PS:

Read file </gpfs/data/denizlab/Users/bz1030/src/log/run37997.err> for stderr output of this job.

