ERROR: NCCL2 library not found in /usr/local/cuda-9.2/targets/ppc64le-linux/lib.
Perhaps /opt/DL/nccl2/bin/nccl2-location needs update.
Re-install NCCL2 and mldl-nccl2-metapkg to correct the problem.

------------------------------------------------------------
Sender: LSF System <lsfadmin@skygpu13>
Subject: Job 44126: <#!/bin/bash;#BSUB -n 2;#BSUB -e /gpfs/data/denizlab/Users/bz1030/KneeNet/KneeProject/src/log/run%J.err;#BSUB -o /gpfs/data/denizlab/Users/bz1030/KneeNet/KneeProject/src/log/run%J.out;#BSUB -q short;# 00m 12m 18m 24m 36m 48m 72m 96m;export month="24m";source /gpfs/data/denizlab/Users/bz1030/KneeNet/KneeProject/src/setup.sh;python /gpfs/data/denizlab/Users/bz1030/KneeNet/KneeProject/src/main.py --month "$month"> in cluster <SkynetCluster> Exited

Job <#!/bin/bash;#BSUB -n 2;#BSUB -e /gpfs/data/denizlab/Users/bz1030/KneeNet/KneeProject/src/log/run%J.err;#BSUB -o /gpfs/data/denizlab/Users/bz1030/KneeNet/KneeProject/src/log/run%J.out;#BSUB -q short;# 00m 12m 18m 24m 36m 48m 72m 96m;export month="24m";source /gpfs/data/denizlab/Users/bz1030/KneeNet/KneeProject/src/setup.sh;python /gpfs/data/denizlab/Users/bz1030/KneeNet/KneeProject/src/main.py --month "$month"> was submitted from host <skynet01> by user <bz1030> in cluster <SkynetCluster> at Thu Jun  6 09:23:57 2019
Job was executed on host(s) <2*skygpu13>, in queue <short>, as user <bz1030> in cluster <SkynetCluster> at Thu Jun  6 09:23:57 2019
</home/bz1030> was used as the home directory.
</gpfs/data/denizlab/Users/bz1030/KneeNet/KneeProject/src> was used as the working directory.
Started at Thu Jun  6 09:23:57 2019
Terminated at Thu Jun  6 12:24:01 2019
Results reported at Thu Jun  6 12:24:01 2019

Your job looked like:

------------------------------------------------------------
# LSBATCH: User input
#!/bin/bash
#BSUB -n 2
#BSUB -e /gpfs/data/denizlab/Users/bz1030/KneeNet/KneeProject/src/log/run%J.err
#BSUB -o /gpfs/data/denizlab/Users/bz1030/KneeNet/KneeProject/src/log/run%J.out
#BSUB -q short
# 00m 12m 18m 24m 36m 48m 72m 96m
export month="24m"
source /gpfs/data/denizlab/Users/bz1030/KneeNet/KneeProject/src/setup.sh
python /gpfs/data/denizlab/Users/bz1030/KneeNet/KneeProject/src/main.py --month "$month"
------------------------------------------------------------

TERM_RUNLIMIT: job killed after reaching LSF run time limit.
Exited with exit code 140.

Resource usage summary:

    CPU time :                                   10087.00 sec.
    Max Memory :                                 1 GB
    Average Memory :                             1.00 GB
    Total Requested Memory :                     4.00 GB
    Delta Memory :                               3.00 GB
    Max Swap :                                   -
    Max Processes :                              5
    Max Threads :                                6
    Run time :                                   10803 sec.
    Turnaround time :                            10804 sec.

The output (if any) is above this job summary.



PS:

Read file </gpfs/data/denizlab/Users/bz1030/KneeNet/KneeProject/src/log/run44126.err> for stderr output of this job.

