Finish mean std vector ...
Exception in user code:
------------------------------------------------------------
[Test loss: 0.864 | Acc 0.605 Kappa 0.778
[32m==> [0mKappa: 0.7782
[32m==> [0mAvg. class accuracy 0.6052
[32m==> [0mMSE 0.6369
[32m==> [0mVal loss: 0.8638050018901556
[32m==> [0mEpoch val time: 267.7064 s.
Test took: 267.74134278297424 seconds

------------------------------------------------------------
Sender: LSF System <lsfadmin@skygpu13>
Subject: Job 46525: <#BSUB -n 4;#BSUB -e /gpfs/data/denizlab/Users/bz1030/KneeNet/KneeProject/project_oulu/resnet_codes/evaluate%J.err;#BSUB -o /gpfs/data/denizlab/Users/bz1030/KneeNet/KneeProject/project_oulu/resnet_codes/evaluate%J.out;#BSUB -gpu "num=1:mode=shared:j_exclusive=yes";#BSUB -q "short"; ## pytorch environment;#. /gpfs/share/skynet/apps/anaconda3/etc/profile.d/conda.sh;#conda activate powerai1.6_env;python /gpfs/data/denizlab/Users/bz1030/KneeNet/KneeProject/project_oulu/resnet_codes/evaluate.py> in cluster <SkynetCluster> Done

Job <#BSUB -n 4;#BSUB -e /gpfs/data/denizlab/Users/bz1030/KneeNet/KneeProject/project_oulu/resnet_codes/evaluate%J.err;#BSUB -o /gpfs/data/denizlab/Users/bz1030/KneeNet/KneeProject/project_oulu/resnet_codes/evaluate%J.out;#BSUB -gpu "num=1:mode=shared:j_exclusive=yes";#BSUB -q "short"; ## pytorch environment;#. /gpfs/share/skynet/apps/anaconda3/etc/profile.d/conda.sh;#conda activate powerai1.6_env;python /gpfs/data/denizlab/Users/bz1030/KneeNet/KneeProject/project_oulu/resnet_codes/evaluate.py> was submitted from host <skynet01> by user <bz1030> in cluster <SkynetCluster> at Sat Jun 15 10:51:04 2019
Job was executed on host(s) <4*skygpu13>, in queue <short>, as user <bz1030> in cluster <SkynetCluster> at Sat Jun 15 10:51:04 2019
</home/bz1030> was used as the home directory.
</gpfs/data/denizlab/Users/bz1030/KneeNet/KneeProject/project_oulu/resnet_codes> was used as the working directory.
Started at Sat Jun 15 10:51:04 2019
Terminated at Sat Jun 15 10:55:49 2019
Results reported at Sat Jun 15 10:55:49 2019

Your job looked like:

------------------------------------------------------------
# LSBATCH: User input
#BSUB -n 4
#BSUB -e /gpfs/data/denizlab/Users/bz1030/KneeNet/KneeProject/project_oulu/resnet_codes/evaluate%J.err
#BSUB -o /gpfs/data/denizlab/Users/bz1030/KneeNet/KneeProject/project_oulu/resnet_codes/evaluate%J.out
#BSUB -gpu "num=1:mode=shared:j_exclusive=yes"
#BSUB -q "short"

## pytorch environment
#. /gpfs/share/skynet/apps/anaconda3/etc/profile.d/conda.sh
#conda activate powerai1.6_env
python /gpfs/data/denizlab/Users/bz1030/KneeNet/KneeProject/project_oulu/resnet_codes/evaluate.py

------------------------------------------------------------

Successfully completed.

Resource usage summary:

    CPU time :                                   98.56 sec.
    Max Memory :                                 2 GB
    Average Memory :                             1.88 GB
    Total Requested Memory :                     8.00 GB
    Delta Memory :                               6.00 GB
    Max Swap :                                   -
    Max Processes :                              4
    Max Threads :                                8
    Run time :                                   284 sec.
    Turnaround time :                            285 sec.

The output (if any) is above this job summary.



PS:

Read file </gpfs/data/denizlab/Users/bz1030/KneeNet/KneeProject/project_oulu/resnet_codes/evaluate46525.err> for stderr output of this job.

